<?xml version="1.0" encoding="UTF-8"?>
<!-- Generated by org.testng.reporters.JUnitXMLReporter -->
<testsuite ignored="0" hostname="INLM-PanchalR.local" failures="1" tests="3" name="MACTEST1" time="330.615" errors="0" timestamp="2021-12-30T18:17:59 IST">
  <testcase classname="lambda.TestNGToDo" name="lamassignment" time="42.944"/>
  <testcase classname="lambda.TestNGToDo" name="lamassignment2" time="23.472"/>
  <testcase classname="lambda.TestNGToDo" name="lamassignment3" time="65.604">
    <failure type="java.lang.AssertionError" message="Success message matched did not expect to find [true] but found [false]">
      <![CDATA[java.lang.AssertionError: Success message matched did not expect to find [true] but found [false]
at lambda.TestNGToDo.lamassignment3(TestNGToDo.java:226)
at java.base/java.util.ArrayList.forEach(ArrayList.java:1511)
at java.base/java.util.concurrent.FutureTask.run(FutureTask.java:264)
at java.base/java.util.concurrent.ThreadPoolExecutor.runWorker(ThreadPoolExecutor.java:1136)
at java.base/java.util.concurrent.ThreadPoolExecutor$Worker.run(ThreadPoolExecutor.java:635)
at java.base/java.lang.Thread.run(Thread.java:833)
... Removed 21 stack frames]]>
    </failure>
  </testcase> <!-- lamassignment3 -->
</testsuite> <!-- MACTEST1 -->
